2016-03-24 11:23:37 [::1][-][-][error][yii\base\InvalidConfigException] exception 'yii\base\InvalidConfigException' with message 'yii\web\Request::cookieValidationKey must be configured with a secret key.' in D:\phpStudy\WWW\basic\vendor\yiisoft\yii2\web\Request.php:1219
Stack trace:
#0 D:\phpStudy\WWW\basic\vendor\yiisoft\yii2\web\Request.php(1201): yii\web\Request->loadCookies()
#1 D:\phpStudy\WWW\basic\vendor\yiisoft\yii2\web\Request.php(1287): yii\web\Request->getCookies()
#2 D:\phpStudy\WWW\basic\vendor\yiisoft\yii2\web\Request.php(1266): yii\web\Request->loadCsrfToken()
#3 D:\phpStudy\WWW\basic\vendor\yiisoft\yii2\helpers\BaseHtml.php(286): yii\web\Request->getCsrfToken()
#4 D:\phpStudy\WWW\basic\views\layouts\main.php(20): yii\helpers\BaseHtml::csrfMetaTags()
#5 D:\phpStudy\WWW\basic\vendor\yiisoft\yii2\base\View.php(325): require('D:\\phpStudy\\WWW...')
#6 D:\phpStudy\WWW\basic\vendor\yiisoft\yii2\base\View.php(247): yii\base\View->renderPhpFile('D:\\phpStudy\\WWW...', Array)
#7 D:\phpStudy\WWW\basic\vendor\yiisoft\yii2\base\Controller.php(386): yii\base\View->renderFile('D:\\phpStudy\\WWW...', Array, Object(app\controllers\SiteController))
#8 D:\phpStudy\WWW\basic\vendor\yiisoft\yii2\base\Controller.php(372): yii\base\Controller->renderContent('<div class="sit...')
#9 D:\phpStudy\WWW\basic\controllers\SiteController.php(52): yii\base\Controller->render('index')
#10 [internal function]: app\controllers\SiteController->actionIndex()
#11 D:\phpStudy\WWW\basic\vendor\yiisoft\yii2\base\InlineAction.php(55): call_user_func_array(Array, Array)
#12 D:\phpStudy\WWW\basic\vendor\yiisoft\yii2\base\Controller.php(151): yii\base\InlineAction->runWithParams(Array)
#13 D:\phpStudy\WWW\basic\vendor\yiisoft\yii2\base\Module.php(455): yii\base\Controller->runAction('', Array)
#14 D:\phpStudy\WWW\basic\vendor\yiisoft\yii2\web\Application.php(84): yii\base\Module->runAction('', Array)
#15 D:\phpStudy\WWW\basic\vendor\yiisoft\yii2\base\Application.php(375): yii\web\Application->handleRequest(Object(yii\web\Request))
#16 D:\phpStudy\WWW\basic\web\index.php(12): yii\base\Application->run()
#17 {main}
2016-03-24 11:23:37 [::1][-][-][info][application] $_COOKIE = [
    '_csrf' => '4d795e2963d769f1962277082683db141fafac6f604f6ee6f53e7f26229e5b1ca:2:{i:0;s:5:\"_csrf\";i:1;s:32:\"FZWP3yRGGQRMbd6lXl8Y2pIs_toEKEiJ\";}'
    'PHPSESSID' => 'gfu5hcaueigf8s6tq10g4piav5'
    'laravel_session' => 'eyJpdiI6ImRXV3g5WWd2cjVyTG84Qk16TUwzOVE9PSIsInZhbHVlIjoieXlDWEpmYXVQT3p4Njlka3JDYUdyODF2QUYxTEpxVVJQbFl6c0F4QVwvWGt5U0lNeHJRRU5kb0o5NEVnNnpBblZIWjFWc2tORTRKZGt2U2FVQUJZSEFRPT0iLCJtYWMiOiIwMzE1MmZkNGY3MGFmZWE5ZjE3M2RmYjFjZTJkZGM0MjUzMzBhYjljNWNjZWJlMzk1YmZiZGYwZDRlNWI5ZGFiIn0='
    'Hm_lvt_c150f692997ee7d711646dff27fbfcaf' => '1458785476'
    'Hm_lpvt_c150f692997ee7d711646dff27fbfcaf' => '1458785476'
    '_ga' => 'GA1.1.636468112.1458785476'
    '_fa' => 'fa.1458785477448.9928967546'
]

$_SERVER = [
    'PATH' => 'C:\\Program Files (x86)\\NVIDIA Corporation\\PhysX\\Common;C:\\Program Files (x86)\\Intel\\iCLS Client\\;C:\\Program Files\\Intel\\iCLS Client\\;C:\\Windows\\system32;C:\\Windows;C:\\Windows\\System32\\Wbem;C:\\Windows\\System32\\WindowsPowerShell\\v1.0\\;C:\\Program Files\\Intel\\Intel(R) Management Engine Components\\DAL;C:\\Program Files\\Intel\\Intel(R) Management Engine Components\\IPT;C:\\Program Files (x86)\\Intel\\Intel(R) Management Engine Components\\DAL;C:\\Program Files (x86)\\Intel\\Intel(R) Management Engine Components\\IPT;F:\\web\\MySQL\\bin;F:\\TortoiseSVN\\bin;D:\\phpStudy\\php54n;C:\\ProgramData\\ComposerSetup\\bin'
    'SYSTEMROOT' => 'C:\\Windows'
    'COMSPEC' => 'C:\\Windows\\system32\\cmd.exe'
    'PATHEXT' => '.COM;.EXE;.BAT;.CMD;.VBS;.VBE;.JS;.JSE;.WSF;.WSH;.MSC'
    'WINDIR' => 'C:\\Windows'
    'PHP_FCGI_MAX_REQUESTS' => '1000'
    'PHPRC' => 'D:/phpStudy/php55n'
    '_FCGI_SHUTDOWN_EVENT_' => '2332'
    'SCRIPT_NAME' => '/basic/web/index.php'
    'REQUEST_URI' => '/basic/web/'
    'QUERY_STRING' => ''
    'REQUEST_METHOD' => 'GET'
    'SERVER_PROTOCOL' => 'HTTP/1.1'
    'GATEWAY_INTERFACE' => 'CGI/1.1'
    'REMOTE_PORT' => '57700'
    'SCRIPT_FILENAME' => 'D:/phpStudy/WWW/basic/web/index.php'
    'SERVER_ADMIN' => 'admin@phpStudy.net'
    'CONTEXT_DOCUMENT_ROOT' => 'D:/phpStudy/WWW'
    'CONTEXT_PREFIX' => ''
    'REQUEST_SCHEME' => 'http'
    'DOCUMENT_ROOT' => 'D:/phpStudy/WWW'
    'REMOTE_ADDR' => '::1'
    'SERVER_PORT' => '80'
    'SERVER_ADDR' => '::1'
    'SERVER_NAME' => 'localhost'
    'SERVER_SOFTWARE' => 'Apache/2.4.10 (Win32) OpenSSL/1.0.1i mod_fcgid/2.3.9'
    'SERVER_SIGNATURE' => ''
    'SystemRoot' => 'C:\\Windows'
    'HTTP_CONNECTION' => 'close'
    'HTTP_COOKIE' => '_csrf=4d795e2963d769f1962277082683db141fafac6f604f6ee6f53e7f26229e5b1ca%3A2%3A%7Bi%3A0%3Bs%3A5%3A%22_csrf%22%3Bi%3A1%3Bs%3A32%3A%22FZWP3yRGGQRMbd6lXl8Y2pIs_toEKEiJ%22%3B%7D; PHPSESSID=gfu5hcaueigf8s6tq10g4piav5; laravel_session=eyJpdiI6ImRXV3g5WWd2cjVyTG84Qk16TUwzOVE9PSIsInZhbHVlIjoieXlDWEpmYXVQT3p4Njlka3JDYUdyODF2QUYxTEpxVVJQbFl6c0F4QVwvWGt5U0lNeHJRRU5kb0o5NEVnNnpBblZIWjFWc2tORTRKZGt2U2FVQUJZSEFRPT0iLCJtYWMiOiIwMzE1MmZkNGY3MGFmZWE5ZjE3M2RmYjFjZTJkZGM0MjUzMzBhYjljNWNjZWJlMzk1YmZiZGYwZDRlNWI5ZGFiIn0%3D; Hm_lvt_c150f692997ee7d711646dff27fbfcaf=1458785476; Hm_lpvt_c150f692997ee7d711646dff27fbfcaf=1458785476; _ga=GA1.1.636468112.1458785476; _fa=fa.1458785477448.9928967546'
    'HTTP_REFERER' => 'http://localhost/basic/'
    'HTTP_ACCEPT_ENCODING' => 'gzip, deflate'
    'HTTP_ACCEPT_LANGUAGE' => 'zh-CN,zh;q=0.8,en-US;q=0.5,en;q=0.3'
    'HTTP_ACCEPT' => 'text/html,application/xhtml+xml,application/xml;q=0.9,*/*;q=0.8'
    'HTTP_USER_AGENT' => 'Mozilla/5.0 (Windows NT 6.3; WOW64; rv:45.0) Gecko/20100101 Firefox/45.0'
    'HTTP_HOST' => 'localhost'
    'FCGI_ROLE' => 'RESPONDER'
    'PHP_SELF' => '/basic/web/index.php'
    'REQUEST_TIME_FLOAT' => 1458789816.8891
    'REQUEST_TIME' => 1458789816
]
2016-03-24 11:23:38 [::1][-][-][warning][yii\log\Dispatcher::dispatch] Unable to send log via yii\debug\LogTarget: Exception 'Exception' with message 'Serialization of 'Closure' is not allowed' 

in D:\phpStudy\WWW\basic\vendor\yiisoft\yii2-debug\LogTarget.php:58

Stack trace:
#0 D:\phpStudy\WWW\basic\vendor\yiisoft\yii2-debug\LogTarget.php(58): serialize(Array)
#1 D:\phpStudy\WWW\basic\vendor\yiisoft\yii2-debug\LogTarget.php(112): yii\debug\LogTarget->export(Array)
#2 D:\phpStudy\WWW\basic\vendor\yiisoft\yii2\log\Dispatcher.php(183): yii\debug\LogTarget->collect(Array, true)
#3 D:\phpStudy\WWW\basic\vendor\yiisoft\yii2\log\Logger.php(173): yii\log\Dispatcher->dispatch(Array, true)
#4 D:\phpStudy\WWW\basic\vendor\yiisoft\yii2\base\ErrorHandler.php(111): yii\log\Logger->flush(true)
#5 [internal function]: yii\base\ErrorHandler->handleException(Object(yii\base\InvalidConfigException))
#6 {main}
2016-03-24 11:23:37 [::1][-][-][info][application] $_COOKIE = [
    '_csrf' => '4d795e2963d769f1962277082683db141fafac6f604f6ee6f53e7f26229e5b1ca:2:{i:0;s:5:\"_csrf\";i:1;s:32:\"FZWP3yRGGQRMbd6lXl8Y2pIs_toEKEiJ\";}'
    'PHPSESSID' => 'gfu5hcaueigf8s6tq10g4piav5'
    'laravel_session' => 'eyJpdiI6ImRXV3g5WWd2cjVyTG84Qk16TUwzOVE9PSIsInZhbHVlIjoieXlDWEpmYXVQT3p4Njlka3JDYUdyODF2QUYxTEpxVVJQbFl6c0F4QVwvWGt5U0lNeHJRRU5kb0o5NEVnNnpBblZIWjFWc2tORTRKZGt2U2FVQUJZSEFRPT0iLCJtYWMiOiIwMzE1MmZkNGY3MGFmZWE5ZjE3M2RmYjFjZTJkZGM0MjUzMzBhYjljNWNjZWJlMzk1YmZiZGYwZDRlNWI5ZGFiIn0='
    'Hm_lvt_c150f692997ee7d711646dff27fbfcaf' => '1458785476'
    'Hm_lpvt_c150f692997ee7d711646dff27fbfcaf' => '1458785476'
    '_ga' => 'GA1.1.636468112.1458785476'
    '_fa' => 'fa.1458785477448.9928967546'
]

$_SERVER = [
    'PATH' => 'C:\\Program Files (x86)\\NVIDIA Corporation\\PhysX\\Common;C:\\Program Files (x86)\\Intel\\iCLS Client\\;C:\\Program Files\\Intel\\iCLS Client\\;C:\\Windows\\system32;C:\\Windows;C:\\Windows\\System32\\Wbem;C:\\Windows\\System32\\WindowsPowerShell\\v1.0\\;C:\\Program Files\\Intel\\Intel(R) Management Engine Components\\DAL;C:\\Program Files\\Intel\\Intel(R) Management Engine Components\\IPT;C:\\Program Files (x86)\\Intel\\Intel(R) Management Engine Components\\DAL;C:\\Program Files (x86)\\Intel\\Intel(R) Management Engine Components\\IPT;F:\\web\\MySQL\\bin;F:\\TortoiseSVN\\bin;D:\\phpStudy\\php54n;C:\\ProgramData\\ComposerSetup\\bin'
    'SYSTEMROOT' => 'C:\\Windows'
    'COMSPEC' => 'C:\\Windows\\system32\\cmd.exe'
    'PATHEXT' => '.COM;.EXE;.BAT;.CMD;.VBS;.VBE;.JS;.JSE;.WSF;.WSH;.MSC'
    'WINDIR' => 'C:\\Windows'
    'PHP_FCGI_MAX_REQUESTS' => '1000'
    'PHPRC' => 'D:/phpStudy/php55n'
    '_FCGI_SHUTDOWN_EVENT_' => '2332'
    'SCRIPT_NAME' => '/basic/web/index.php'
    'REQUEST_URI' => '/basic/web/'
    'QUERY_STRING' => ''
    'REQUEST_METHOD' => 'GET'
    'SERVER_PROTOCOL' => 'HTTP/1.1'
    'GATEWAY_INTERFACE' => 'CGI/1.1'
    'REMOTE_PORT' => '57700'
    'SCRIPT_FILENAME' => 'D:/phpStudy/WWW/basic/web/index.php'
    'SERVER_ADMIN' => 'admin@phpStudy.net'
    'CONTEXT_DOCUMENT_ROOT' => 'D:/phpStudy/WWW'
    'CONTEXT_PREFIX' => ''
    'REQUEST_SCHEME' => 'http'
    'DOCUMENT_ROOT' => 'D:/phpStudy/WWW'
    'REMOTE_ADDR' => '::1'
    'SERVER_PORT' => '80'
    'SERVER_ADDR' => '::1'
    'SERVER_NAME' => 'localhost'
    'SERVER_SOFTWARE' => 'Apache/2.4.10 (Win32) OpenSSL/1.0.1i mod_fcgid/2.3.9'
    'SERVER_SIGNATURE' => ''
    'SystemRoot' => 'C:\\Windows'
    'HTTP_CONNECTION' => 'close'
    'HTTP_COOKIE' => '_csrf=4d795e2963d769f1962277082683db141fafac6f604f6ee6f53e7f26229e5b1ca%3A2%3A%7Bi%3A0%3Bs%3A5%3A%22_csrf%22%3Bi%3A1%3Bs%3A32%3A%22FZWP3yRGGQRMbd6lXl8Y2pIs_toEKEiJ%22%3B%7D; PHPSESSID=gfu5hcaueigf8s6tq10g4piav5; laravel_session=eyJpdiI6ImRXV3g5WWd2cjVyTG84Qk16TUwzOVE9PSIsInZhbHVlIjoieXlDWEpmYXVQT3p4Njlka3JDYUdyODF2QUYxTEpxVVJQbFl6c0F4QVwvWGt5U0lNeHJRRU5kb0o5NEVnNnpBblZIWjFWc2tORTRKZGt2U2FVQUJZSEFRPT0iLCJtYWMiOiIwMzE1MmZkNGY3MGFmZWE5ZjE3M2RmYjFjZTJkZGM0MjUzMzBhYjljNWNjZWJlMzk1YmZiZGYwZDRlNWI5ZGFiIn0%3D; Hm_lvt_c150f692997ee7d711646dff27fbfcaf=1458785476; Hm_lpvt_c150f692997ee7d711646dff27fbfcaf=1458785476; _ga=GA1.1.636468112.1458785476; _fa=fa.1458785477448.9928967546'
    'HTTP_REFERER' => 'http://localhost/basic/'
    'HTTP_ACCEPT_ENCODING' => 'gzip, deflate'
    'HTTP_ACCEPT_LANGUAGE' => 'zh-CN,zh;q=0.8,en-US;q=0.5,en;q=0.3'
    'HTTP_ACCEPT' => 'text/html,application/xhtml+xml,application/xml;q=0.9,*/*;q=0.8'
    'HTTP_USER_AGENT' => 'Mozilla/5.0 (Windows NT 6.3; WOW64; rv:45.0) Gecko/20100101 Firefox/45.0'
    'HTTP_HOST' => 'localhost'
    'FCGI_ROLE' => 'RESPONDER'
    'PHP_SELF' => '/basic/web/index.php'
    'REQUEST_TIME_FLOAT' => 1458789816.8891
    'REQUEST_TIME' => 1458789816
]
2016-03-24 11:24:35 [::1][-][-][error][yii\base\ErrorException:1] exception 'yii\base\ErrorException' with message 'Class 'app\models\Liuyan' not found' in D:\phpStudy\WWW\basic\controllers\LiuyanController.php:12
Stack trace:
#0 [internal function]: yii\base\ErrorHandler->handleFatalError()
#1 {main}
2016-03-24 11:24:35 [::1][-][-][info][application] $_GET = [
    'r' => 'liuyan/index'
]

$_COOKIE = [
    '_csrf' => '105aa6d9cff3665de70f6959b191527d6ab0c54b18c560295b6e8d070701ca32a:2:{i:0;s:5:\"_csrf\";i:1;s:32:\"Bd1i69kgxt5FeBtxPCg4l3mITaOoHH-b\";}'
    'PHPSESSID' => 'gfu5hcaueigf8s6tq10g4piav5'
    'laravel_session' => 'eyJpdiI6ImRXV3g5WWd2cjVyTG84Qk16TUwzOVE9PSIsInZhbHVlIjoieXlDWEpmYXVQT3p4Njlka3JDYUdyODF2QUYxTEpxVVJQbFl6c0F4QVwvWGt5U0lNeHJRRU5kb0o5NEVnNnpBblZIWjFWc2tORTRKZGt2U2FVQUJZSEFRPT0iLCJtYWMiOiIwMzE1MmZkNGY3MGFmZWE5ZjE3M2RmYjFjZTJkZGM0MjUzMzBhYjljNWNjZWJlMzk1YmZiZGYwZDRlNWI5ZGFiIn0='
    'Hm_lvt_c150f692997ee7d711646dff27fbfcaf' => '1458785476'
    'Hm_lpvt_c150f692997ee7d711646dff27fbfcaf' => '1458785476'
    '_ga' => 'GA1.1.636468112.1458785476'
    '_fa' => 'fa.1458785477448.9928967546'
]

$_SERVER = [
    'PATH' => 'C:\\Program Files (x86)\\NVIDIA Corporation\\PhysX\\Common;C:\\Program Files (x86)\\Intel\\iCLS Client\\;C:\\Program Files\\Intel\\iCLS Client\\;C:\\Windows\\system32;C:\\Windows;C:\\Windows\\System32\\Wbem;C:\\Windows\\System32\\WindowsPowerShell\\v1.0\\;C:\\Program Files\\Intel\\Intel(R) Management Engine Components\\DAL;C:\\Program Files\\Intel\\Intel(R) Management Engine Components\\IPT;C:\\Program Files (x86)\\Intel\\Intel(R) Management Engine Components\\DAL;C:\\Program Files (x86)\\Intel\\Intel(R) Management Engine Components\\IPT;F:\\web\\MySQL\\bin;F:\\TortoiseSVN\\bin;D:\\phpStudy\\php54n;C:\\ProgramData\\ComposerSetup\\bin'
    'SYSTEMROOT' => 'C:\\Windows'
    'COMSPEC' => 'C:\\Windows\\system32\\cmd.exe'
    'PATHEXT' => '.COM;.EXE;.BAT;.CMD;.VBS;.VBE;.JS;.JSE;.WSF;.WSH;.MSC'
    'WINDIR' => 'C:\\Windows'
    'PHP_FCGI_MAX_REQUESTS' => '1000'
    'PHPRC' => 'D:/phpStudy/php55n'
    '_FCGI_SHUTDOWN_EVENT_' => '2332'
    'SCRIPT_NAME' => '/basic/web/index.php'
    'REQUEST_URI' => '/basic/web/index.php?r=liuyan/index'
    'QUERY_STRING' => 'r=liuyan/index'
    'REQUEST_METHOD' => 'GET'
    'SERVER_PROTOCOL' => 'HTTP/1.1'
    'GATEWAY_INTERFACE' => 'CGI/1.1'
    'REMOTE_PORT' => '57710'
    'SCRIPT_FILENAME' => 'D:/phpStudy/WWW/basic/web/index.php'
    'SERVER_ADMIN' => 'admin@phpStudy.net'
    'CONTEXT_DOCUMENT_ROOT' => 'D:/phpStudy/WWW'
    'CONTEXT_PREFIX' => ''
    'REQUEST_SCHEME' => 'http'
    'DOCUMENT_ROOT' => 'D:/phpStudy/WWW'
    'REMOTE_ADDR' => '::1'
    'SERVER_PORT' => '80'
    'SERVER_ADDR' => '::1'
    'SERVER_NAME' => 'localhost'
    'SERVER_SOFTWARE' => 'Apache/2.4.10 (Win32) OpenSSL/1.0.1i mod_fcgid/2.3.9'
    'SERVER_SIGNATURE' => ''
    'SystemRoot' => 'C:\\Windows'
    'HTTP_CONNECTION' => 'close'
    'HTTP_COOKIE' => '_csrf=105aa6d9cff3665de70f6959b191527d6ab0c54b18c560295b6e8d070701ca32a%3A2%3A%7Bi%3A0%3Bs%3A5%3A%22_csrf%22%3Bi%3A1%3Bs%3A32%3A%22Bd1i69kgxt5FeBtxPCg4l3mITaOoHH-b%22%3B%7D; PHPSESSID=gfu5hcaueigf8s6tq10g4piav5; laravel_session=eyJpdiI6ImRXV3g5WWd2cjVyTG84Qk16TUwzOVE9PSIsInZhbHVlIjoieXlDWEpmYXVQT3p4Njlka3JDYUdyODF2QUYxTEpxVVJQbFl6c0F4QVwvWGt5U0lNeHJRRU5kb0o5NEVnNnpBblZIWjFWc2tORTRKZGt2U2FVQUJZSEFRPT0iLCJtYWMiOiIwMzE1MmZkNGY3MGFmZWE5ZjE3M2RmYjFjZTJkZGM0MjUzMzBhYjljNWNjZWJlMzk1YmZiZGYwZDRlNWI5ZGFiIn0%3D; Hm_lvt_c150f692997ee7d711646dff27fbfcaf=1458785476; Hm_lpvt_c150f692997ee7d711646dff27fbfcaf=1458785476; _ga=GA1.1.636468112.1458785476; _fa=fa.1458785477448.9928967546'
    'HTTP_ACCEPT_ENCODING' => 'gzip, deflate'
    'HTTP_ACCEPT_LANGUAGE' => 'zh-CN,zh;q=0.8,en-US;q=0.5,en;q=0.3'
    'HTTP_ACCEPT' => 'text/html,application/xhtml+xml,application/xml;q=0.9,*/*;q=0.8'
    'HTTP_USER_AGENT' => 'Mozilla/5.0 (Windows NT 6.3; WOW64; rv:45.0) Gecko/20100101 Firefox/45.0'
    'HTTP_HOST' => 'localhost'
    'FCGI_ROLE' => 'RESPONDER'
    'PHP_SELF' => '/basic/web/index.php'
    'REQUEST_TIME_FLOAT' => 1458789875.1043
    'REQUEST_TIME' => 1458789875
]
