[2016-03-20 13:09:11] local.ERROR: exception 'PDOException' with message 'SQLSTATE[42S22]: Column not found: 1054 Unknown column 'votes' in 'field list'' in D:\phpStudy\WWW\laravel\vendor\laravel\framework\src\Illuminate\Database\Connection.php:358
Stack trace:
#0 D:\phpStudy\WWW\laravel\vendor\laravel\framework\src\Illuminate\Database\Connection.php(358): PDO->prepare('insert into `y_...')
#1 D:\phpStudy\WWW\laravel\vendor\laravel\framework\src\Illuminate\Database\Connection.php(612): Illuminate\Database\Connection->Illuminate\Database\{closure}(Object(Illuminate\Database\MySqlConnection), 'insert into `y_...', Array)
#2 D:\phpStudy\WWW\laravel\vendor\laravel\framework\src\Illuminate\Database\Connection.php(576): Illuminate\Database\Connection->runQueryCallback('insert into `y_...', Array, Object(Closure))
#3 D:\phpStudy\WWW\laravel\vendor\laravel\framework\src\Illuminate\Database\Connection.php(359): Illuminate\Database\Connection->run('insert into `y_...', Array, Object(Closure))
#4 D:\phpStudy\WWW\laravel\vendor\laravel\framework\src\Illuminate\Database\Connection.php(316): Illuminate\Database\Connection->statement('insert into `y_...', Array)
#5 D:\phpStudy\WWW\laravel\vendor\laravel\framework\src\Illuminate\Database\Query\Builder.php(1702): Illuminate\Database\Connection->insert('insert into `y_...', Array)
#6 D:\phpStudy\WWW\laravel\app\Http\Controllers\IndexController.php(42): Illuminate\Database\Query\Builder->insert(Array)
#7 [internal function]: App\Http\Controllers\IndexController->register()
#8 D:\phpStudy\WWW\laravel\vendor\laravel\framework\src\Illuminate\Routing\Controller.php(246): call_user_func_array(Array, Array)
#9 D:\phpStudy\WWW\laravel\vendor\laravel\framework\src\Illuminate\Routing\ControllerDispatcher.php(162): Illuminate\Routing\Controller->callAction('register', Array)
#10 D:\phpStudy\WWW\laravel\vendor\laravel\framework\src\Illuminate\Routing\ControllerDispatcher.php(107): Illuminate\Routing\ControllerDispatcher->call(Object(App\Http\Controllers\IndexController), Object(Illuminate\Routing\Route), 'register')
#11 [internal function]: Illuminate\Routing\ControllerDispatcher->Illuminate\Routing\{closure}(Object(Illuminate\Http\Request))
#12 D:\phpStudy\WWW\laravel\vendor\laravel\framework\src\Illuminate\Pipeline\Pipeline.php(141): call_user_func(Object(Closure), Object(Illuminate\Http\Request))
#13 [internal function]: Illuminate\Pipeline\Pipeline->Illuminate\Pipeline\{closure}(Object(Illuminate\Http\Request))
#14 D:\phpStudy\WWW\laravel\vendor\laravel\framework\src\Illuminate\Pipeline\Pipeline.php(101): call_user_func(Object(Closure), Object(Illuminate\Http\Request))
#15 D:\phpStudy\WWW\laravel\vendor\laravel\framework\src\Illuminate\Routing\ControllerDispatcher.php(108): Illuminate\Pipeline\Pipeline->then(Object(Closure))
#16 D:\phpStudy\WWW\laravel\vendor\laravel\framework\src\Illuminate\Routing\ControllerDispatcher.php(67): Illuminate\Routing\ControllerDispatcher->callWithinStack(Object(App\Http\Controllers\IndexController), Object(Illuminate\Routing\Route), Object(Illuminate\Http\Request), 'register')
#17 D:\phpStudy\WWW\laravel\vendor\laravel\framework\src\Illuminate\Routing\Route.php(198): Illuminate\Routing\ControllerDispatcher->dispatch(Object(Illuminate\Routing\Route), Object(Illuminate\Http\Request), 'App\\Http\\Contro...', 'register')
#18 D:\phpStudy\WWW\laravel\vendor\laravel\framework\src\Illuminate\Routing\Route.php(131): Illuminate\Routing\Route->runWithCustomDispatcher(Object(Illuminate\Http\Request))
#19 D:\phpStudy\WWW\laravel\vendor\laravel\framework\src\Illuminate\Routing\Router.php(691): Illuminate\Routing\Route->run(Object(Illuminate\Http\Request))
#20 [internal function]: Illuminate\Routing\Router->Illuminate\Routing\{closure}(Object(Illuminate\Http\Request))
#21 D:\phpStudy\WWW\laravel\vendor\laravel\framework\src\Illuminate\Pipeline\Pipeline.php(141): call_user_func(Object(Closure), Object(Illuminate\Http\Request))
#22 [internal function]: Illuminate\Pipeline\Pipeline->Illuminate\Pipeline\{closure}(Object(Illuminate\Http\Request))
#23 D:\phpStudy\WWW\laravel\vendor\laravel\framework\src\Illuminate\Pipeline\Pipeline.php(101): call_user_func(Object(Closure), Object(Illuminate\Http\Request))
#24 D:\phpStudy\WWW\laravel\vendor\laravel\framework\src\Illuminate\Routing\Router.php(693): Illuminate\Pipeline\Pipeline->then(Object(Closure))
#25 D:\phpStudy\WWW\laravel\vendor\laravel\framework\src\Illuminate\Routing\Router.php(660): Illuminate\Routing\Router->runRouteWithinStack(Object(Illuminate\Routing\Route), Object(Illuminate\Http\Request))
#26 D:\phpStudy\WWW\laravel\vendor\laravel\framework\src\Illuminate\Routing\Router.php(618): Illuminate\Routing\Router->dispatchToRoute(Object(Illuminate\Http\Request))
#27 D:\phpStudy\WWW\laravel\vendor\laravel\framework\src\Illuminate\Foundation\Http\Kernel.php(210): Illuminate\Routing\Router->dispatch(Object(Illuminate\Http\Request))
#28 [internal function]: Illuminate\Foundation\Http\Kernel->Illuminate\Foundation\Http\{closure}(Object(Illuminate\Http\Request))
#29 D:\phpStudy\WWW\laravel\vendor\laravel\framework\src\Illuminate\Pipeline\Pipeline.php(141): call_user_func(Object(Closure), Object(Illuminate\Http\Request))
#30 D:\phpStudy\WWW\laravel\vendor\laravel\framework\src\Illuminate\View\Middleware\ShareErrorsFromSession.php(55): Illuminate\Pipeline\Pipeline->Illuminate\Pipeline\{closure}(Object(Illuminate\Http\Request))
#31 D:\phpStudy\WWW\laravel\vendor\laravel\framework\src\Illuminate\Pipeline\Pipeline.php(125): Illuminate\View\Middleware\ShareErrorsFromSession->handle(Object(Illuminate\Http\Request), Object(Closure))
#32 D:\phpStudy\WWW\laravel\vendor\laravel\framework\src\Illuminate\Session\Middleware\StartSession.php(61): Illuminate\Pipeline\Pipeline->Illuminate\Pipeline\{closure}(Object(Illuminate\Http\Request))
#33 D:\phpStudy\WWW\laravel\vendor\laravel\framework\src\Illuminate\Pipeline\Pipeline.php(125): Illuminate\Session\Middleware\StartSession->handle(Object(Illuminate\Http\Request), Object(Closure))
#34 D:\phpStudy\WWW\laravel\vendor\laravel\framework\src\Illuminate\Cookie\Middleware\AddQueuedCookiesToResponse.php(36): Illuminate\Pipeline\Pipeline->Illuminate\Pipeline\{closure}(Object(Illuminate\Http\Request))
#35 D:\phpStudy\WWW\laravel\vendor\laravel\framework\src\Illuminate\Pipeline\Pipeline.php(125): Illuminate\Cookie\Middleware\AddQueuedCookiesToResponse->handle(Object(Illuminate\Http\Request), Object(Closure))
#36 D:\phpStudy\WWW\laravel\vendor\laravel\framework\src\Illuminate\Cookie\Middleware\EncryptCookies.php(40): Illuminate\Pipeline\Pipeline->Illuminate\Pipeline\{closure}(Object(Illuminate\Http\Request))
#37 D:\phpStudy\WWW\laravel\vendor\laravel\framework\src\Illuminate\Pipeline\Pipeline.php(125): Illuminate\Cookie\Middleware\EncryptCookies->handle(Object(Illuminate\Http\Request), Object(Closure))
#38 D:\phpStudy\WWW\laravel\vendor\laravel\framework\src\Illuminate\Foundation\Http\Middleware\CheckForMaintenanceMode.php(42): Illuminate\Pipeline\Pipeline->Illuminate\Pipeline\{closure}(Object(Illuminate\Http\Request))
#39 D:\phpStudy\WWW\laravel\vendor\laravel\framework\src\Illuminate\Pipeline\Pipeline.php(125): Illuminate\Foundation\Http\Middleware\CheckForMaintenanceMode->handle(Object(Illuminate\Http\Request), Object(Closure))
#40 [internal function]: Illuminate\Pipeline\Pipeline->Illuminate\Pipeline\{closure}(Object(Illuminate\Http\Request))
#41 D:\phpStudy\WWW\laravel\vendor\laravel\framework\src\Illuminate\Pipeline\Pipeline.php(101): call_user_func(Object(Closure), Object(Illuminate\Http\Request))
#42 D:\phpStudy\WWW\laravel\vendor\laravel\framework\src\Illuminate\Foundation\Http\Kernel.php(111): Illuminate\Pipeline\Pipeline->then(Object(Closure))
#43 D:\phpStudy\WWW\laravel\vendor\laravel\framework\src\Illuminate\Foundation\Http\Kernel.php(84): Illuminate\Foundation\Http\Kernel->sendRequestThroughRouter(Object(Illuminate\Http\Request))
#44 D:\phpStudy\WWW\laravel\public\index.php(53): Illuminate\Foundation\Http\Kernel->handle(Object(Illuminate\Http\Request))
#45 {main}

Next exception 'Illuminate\Database\QueryException' with message 'SQLSTATE[42S22]: Column not found: 1054 Unknown column 'votes' in 'field list' (SQL: insert into `y_user` (`uphone`, `votes`) values (18810605924, 0), (123456, 0))' in D:\phpStudy\WWW\laravel\vendor\laravel\framework\src\Illuminate\Database\Connection.php:620
Stack trace:
#0 D:\phpStudy\WWW\laravel\vendor\laravel\framework\src\Illuminate\Database\Connection.php(576): Illuminate\Database\Connection->runQueryCallback('insert into `y_...', Array, Object(Closure))
#1 D:\phpStudy\WWW\laravel\vendor\laravel\framework\src\Illuminate\Database\Connection.php(359): Illuminate\Database\Connection->run('insert into `y_...', Array, Object(Closure))
#2 D:\phpStudy\WWW\laravel\vendor\laravel\framework\src\Illuminate\Database\Connection.php(316): Illuminate\Database\Connection->statement('insert into `y_...', Array)
#3 D:\phpStudy\WWW\laravel\vendor\laravel\framework\src\Illuminate\Database\Query\Builder.php(1702): Illuminate\Database\Connection->insert('insert into `y_...', Array)
#4 D:\phpStudy\WWW\laravel\app\Http\Controllers\IndexController.php(42): Illuminate\Database\Query\Builder->insert(Array)
#5 [internal function]: App\Http\Controllers\IndexController->register()
#6 D:\phpStudy\WWW\laravel\vendor\laravel\framework\src\Illuminate\Routing\Controller.php(246): call_user_func_array(Array, Array)
#7 D:\phpStudy\WWW\laravel\vendor\laravel\framework\src\Illuminate\Routing\ControllerDispatcher.php(162): Illuminate\Routing\Controller->callAction('register', Array)
#8 D:\phpStudy\WWW\laravel\vendor\laravel\framework\src\Illuminate\Routing\ControllerDispatcher.php(107): Illuminate\Routing\ControllerDispatcher->call(Object(App\Http\Controllers\IndexController), Object(Illuminate\Routing\Route), 'register')
#9 [internal function]: Illuminate\Routing\ControllerDispatcher->Illuminate\Routing\{closure}(Object(Illuminate\Http\Request))
#10 D:\phpStudy\WWW\laravel\vendor\laravel\framework\src\Illuminate\Pipeline\Pipeline.php(141): call_user_func(Object(Closure), Object(Illuminate\Http\Request))
#11 [internal function]: Illuminate\Pipeline\Pipeline->Illuminate\Pipeline\{closure}(Object(Illuminate\Http\Request))
#12 D:\phpStudy\WWW\laravel\vendor\laravel\framework\src\Illuminate\Pipeline\Pipeline.php(101): call_user_func(Object(Closure), Object(Illuminate\Http\Request))
#13 D:\phpStudy\WWW\laravel\vendor\laravel\framework\src\Illuminate\Routing\ControllerDispatcher.php(108): Illuminate\Pipeline\Pipeline->then(Object(Closure))
#14 D:\phpStudy\WWW\laravel\vendor\laravel\framework\src\Illuminate\Routing\ControllerDispatcher.php(67): Illuminate\Routing\ControllerDispatcher->callWithinStack(Object(App\Http\Controllers\IndexController), Object(Illuminate\Routing\Route), Object(Illuminate\Http\Request), 'register')
#15 D:\phpStudy\WWW\laravel\vendor\laravel\framework\src\Illuminate\Routing\Route.php(198): Illuminate\Routing\ControllerDispatcher->dispatch(Object(Illuminate\Routing\Route), Object(Illuminate\Http\Request), 'App\\Http\\Contro...', 'register')
#16 D:\phpStudy\WWW\laravel\vendor\laravel\framework\src\Illuminate\Routing\Route.php(131): Illuminate\Routing\Route->runWithCustomDispatcher(Object(Illuminate\Http\Request))
#17 D:\phpStudy\WWW\laravel\vendor\laravel\framework\src\Illuminate\Routing\Router.php(691): Illuminate\Routing\Route->run(Object(Illuminate\Http\Request))
#18 [internal function]: Illuminate\Routing\Router->Illuminate\Routing\{closure}(Object(Illuminate\Http\Request))
#19 D:\phpStudy\WWW\laravel\vendor\laravel\framework\src\Illuminate\Pipeline\Pipeline.php(141): call_user_func(Object(Closure), Object(Illuminate\Http\Request))
#20 [internal function]: Illuminate\Pipeline\Pipeline->Illuminate\Pipeline\{closure}(Object(Illuminate\Http\Request))
#21 D:\phpStudy\WWW\laravel\vendor\laravel\framework\src\Illuminate\Pipeline\Pipeline.php(101): call_user_func(Object(Closure), Object(Illuminate\Http\Request))
#22 D:\phpStudy\WWW\laravel\vendor\laravel\framework\src\Illuminate\Routing\Router.php(693): Illuminate\Pipeline\Pipeline->then(Object(Closure))
#23 D:\phpStudy\WWW\laravel\vendor\laravel\framework\src\Illuminate\Routing\Router.php(660): Illuminate\Routing\Router->runRouteWithinStack(Object(Illuminate\Routing\Route), Object(Illuminate\Http\Request))
#24 D:\phpStudy\WWW\laravel\vendor\laravel\framework\src\Illuminate\Routing\Router.php(618): Illuminate\Routing\Router->dispatchToRoute(Object(Illuminate\Http\Request))
#25 D:\phpStudy\WWW\laravel\vendor\laravel\framework\src\Illuminate\Foundation\Http\Kernel.php(210): Illuminate\Routing\Router->dispatch(Object(Illuminate\Http\Request))
#26 [internal function]: Illuminate\Foundation\Http\Kernel->Illuminate\Foundation\Http\{closure}(Object(Illuminate\Http\Request))
#27 D:\phpStudy\WWW\laravel\vendor\laravel\framework\src\Illuminate\Pipeline\Pipeline.php(141): call_user_func(Object(Closure), Object(Illuminate\Http\Request))
#28 D:\phpStudy\WWW\laravel\vendor\laravel\framework\src\Illuminate\View\Middleware\ShareErrorsFromSession.php(55): Illuminate\Pipeline\Pipeline->Illuminate\Pipeline\{closure}(Object(Illuminate\Http\Request))
#29 D:\phpStudy\WWW\laravel\vendor\laravel\framework\src\Illuminate\Pipeline\Pipeline.php(125): Illuminate\View\Middleware\ShareErrorsFromSession->handle(Object(Illuminate\Http\Request), Object(Closure))
#30 D:\phpStudy\WWW\laravel\vendor\laravel\framework\src\Illuminate\Session\Middleware\StartSession.php(61): Illuminate\Pipeline\Pipeline->Illuminate\Pipeline\{closure}(Object(Illuminate\Http\Request))
#31 D:\phpStudy\WWW\laravel\vendor\laravel\framework\src\Illuminate\Pipeline\Pipeline.php(125): Illuminate\Session\Middleware\StartSession->handle(Object(Illuminate\Http\Request), Object(Closure))
#32 D:\phpStudy\WWW\laravel\vendor\laravel\framework\src\Illuminate\Cookie\Middleware\AddQueuedCookiesToResponse.php(36): Illuminate\Pipeline\Pipeline->Illuminate\Pipeline\{closure}(Object(Illuminate\Http\Request))
#33 D:\phpStudy\WWW\laravel\vendor\laravel\framework\src\Illuminate\Pipeline\Pipeline.php(125): Illuminate\Cookie\Middleware\AddQueuedCookiesToResponse->handle(Object(Illuminate\Http\Request), Object(Closure))
#34 D:\phpStudy\WWW\laravel\vendor\laravel\framework\src\Illuminate\Cookie\Middleware\EncryptCookies.php(40): Illuminate\Pipeline\Pipeline->Illuminate\Pipeline\{closure}(Object(Illuminate\Http\Request))
#35 D:\phpStudy\WWW\laravel\vendor\laravel\framework\src\Illuminate\Pipeline\Pipeline.php(125): Illuminate\Cookie\Middleware\EncryptCookies->handle(Object(Illuminate\Http\Request), Object(Closure))
#36 D:\phpStudy\WWW\laravel\vendor\laravel\framework\src\Illuminate\Foundation\Http\Middleware\CheckForMaintenanceMode.php(42): Illuminate\Pipeline\Pipeline->Illuminate\Pipeline\{closure}(Object(Illuminate\Http\Request))
#37 D:\phpStudy\WWW\laravel\vendor\laravel\framework\src\Illuminate\Pipeline\Pipeline.php(125): Illuminate\Foundation\Http\Middleware\CheckForMaintenanceMode->handle(Object(Illuminate\Http\Request), Object(Closure))
#38 [internal function]: Illuminate\Pipeline\Pipeline->Illuminate\Pipeline\{closure}(Object(Illuminate\Http\Request))
#39 D:\phpStudy\WWW\laravel\vendor\laravel\framework\src\Illuminate\Pipeline\Pipeline.php(101): call_user_func(Object(Closure), Object(Illuminate\Http\Request))
#40 D:\phpStudy\WWW\laravel\vendor\laravel\framework\src\Illuminate\Foundation\Http\Kernel.php(111): Illuminate\Pipeline\Pipeline->then(Object(Closure))
#41 D:\phpStudy\WWW\laravel\vendor\laravel\framework\src\Illuminate\Foundation\Http\Kernel.php(84): Illuminate\Foundation\Http\Kernel->sendRequestThroughRouter(Object(Illuminate\Http\Request))
#42 D:\phpStudy\WWW\laravel\public\index.php(53): Illuminate\Foundation\Http\Kernel->handle(Object(Illuminate\Http\Request))
#43 {main}  
